<?xml version="1.0" encoding="UTF-8"?>
<!-- Generated by org.testng.reporters.JUnitReportReporter -->
<testsuite skipped="0" hostname="CBT-MH-000" name="net.PHPTravel.PHPTravel.browser" tests="1" failures="0" timestamp="11 Oct 2019 10:12:13 GMT" time="12.433" errors="0">
  <testcase name="SignUp" time="12.433" classname="net.PHPTravel.PHPTravel.browser"/>
</testsuite> <!-- net.PHPTravel.PHPTravel.browser -->
