<?xml version="1.0" encoding="UTF-8"?>
<!-- Generated by org.testng.reporters.JUnitReportReporter -->
<testsuite skipped="0" hostname="CBT-MH-000" name="net.PHPTravel.PHPTravel.TourSearch" tests="1" failures="0" timestamp="11 Oct 2019 11:31:45 GMT" time="31.317" errors="0">
  <testcase name="ToursSearch" time="31.317" classname="net.PHPTravel.PHPTravel.TourSearch"/>
</testsuite> <!-- net.PHPTravel.PHPTravel.TourSearch -->
