<?xml version="1.0" encoding="UTF-8"?>
<!-- Generated by org.testng.reporters.JUnitReportReporter -->
<testsuite skipped="0" hostname="CBT-MH-000" name="net.PHPTravel.PHPTravel.HotelBookingSearch" tests="1" failures="0" timestamp="11 Oct 2019 09:52:25 GMT" time="29.221" errors="0">
  <testcase name="HotelSearch" time="29.221" classname="net.PHPTravel.PHPTravel.HotelBookingSearch"/>
</testsuite> <!-- net.PHPTravel.PHPTravel.HotelBookingSearch -->
