<?xml version="1.0" encoding="UTF-8"?>
<!-- Generated by org.testng.reporters.JUnitReportReporter -->
<testsuite skipped="0" hostname="CBT-MH-000" name="net.PHPTravel.PHPTravel.ExistingUserLogin" tests="1" failures="0" timestamp="11 Oct 2019 09:50:04 GMT" time="14.082" errors="0">
  <testcase name="LogIn" time="14.082" classname="net.PHPTravel.PHPTravel.ExistingUserLogin"/>
</testsuite> <!-- net.PHPTravel.PHPTravel.ExistingUserLogin -->
