<?xml version="1.0" encoding="UTF-8"?>
<!-- Generated by org.testng.reporters.JUnitReportReporter -->
<testsuite skipped="0" hostname="CBT-MH-000" name="net.PHPTravel.PHPTravel.FlightSearch" tests="1" failures="0" timestamp="11 Oct 2019 09:59:54 GMT" time="40.077" errors="0">
  <testcase name="FlightSearch" time="40.077" classname="net.PHPTravel.PHPTravel.FlightSearch"/>
</testsuite> <!-- net.PHPTravel.PHPTravel.FlightSearch -->
